<?xml version="1.0" encoding="UTF-8"?>
<testsuite name="com.xx.nodb.SensitiveWordTest" tests="1" skipped="0" failures="0" errors="0" timestamp="2022-10-26T06:23:56" hostname="ADMIN" time="0.186">
  <properties/>
  <testcase name="test()" classname="com.xx.nodb.SensitiveWordTest" time="0.186"/>
  <system-out><![CDATA[14:23:54.332 [Test worker] DEBUG org.springframework.test.context.BootstrapUtils - Instantiating CacheAwareContextLoaderDelegate from class [org.springframework.test.context.cache.DefaultCacheAwareContextLoaderDelegate]
14:23:54.343 [Test worker] DEBUG org.springframework.test.context.BootstrapUtils - Instantiating BootstrapContext using constructor [public org.springframework.test.context.support.DefaultBootstrapContext(java.lang.Class,org.springframework.test.context.CacheAwareContextLoaderDelegate)]
14:23:54.372 [Test worker] DEBUG org.springframework.test.context.BootstrapUtils - Instantiating TestContextBootstrapper for test class [com.xx.nodb.SensitiveWordTest] from class [org.springframework.boot.test.context.SpringBootTestContextBootstrapper]
14:23:54.382 [Test worker] INFO org.springframework.boot.test.context.SpringBootTestContextBootstrapper - Neither @ContextConfiguration nor @ContextHierarchy found for test class [com.xx.nodb.SensitiveWordTest], using SpringBootContextLoader
14:23:54.385 [Test worker] DEBUG org.springframework.test.context.support.AbstractContextLoader - Did not detect default resource location for test class [com.xx.nodb.SensitiveWordTest]: class path resource [com/xx/nodb/SensitiveWordTest-context.xml] does not exist
14:23:54.385 [Test worker] DEBUG org.springframework.test.context.support.AbstractContextLoader - Did not detect default resource location for test class [com.xx.nodb.SensitiveWordTest]: class path resource [com/xx/nodb/SensitiveWordTestContext.groovy] does not exist
14:23:54.385 [Test worker] INFO org.springframework.test.context.support.AbstractContextLoader - Could not detect default resource locations for test class [com.xx.nodb.SensitiveWordTest]: no resource found for suffixes {-context.xml, Context.groovy}.
14:23:54.386 [Test worker] INFO org.springframework.test.context.support.AnnotationConfigContextLoaderUtils - Could not detect default configuration classes for test class [com.xx.nodb.SensitiveWordTest]: SensitiveWordTest does not declare any static, non-private, non-final, nested classes annotated with @Configuration.
14:23:54.421 [Test worker] DEBUG org.springframework.test.context.support.ActiveProfilesUtils - Could not find an 'annotation declaring class' for annotation type [org.springframework.test.context.ActiveProfiles] and class [com.xx.nodb.SensitiveWordTest]
14:23:54.470 [Test worker] DEBUG org.springframework.context.annotation.ClassPathScanningCandidateComponentProvider - Identified candidate component class: file [E:\personal\code\xx-xw\xw-service\build\classes\java\main\com\xx\nodb\XxWebNodbApplication.class]
14:23:54.471 [Test worker] INFO org.springframework.boot.test.context.SpringBootTestContextBootstrapper - Found @SpringBootConfiguration com.xx.nodb.XxWebNodbApplication for test class com.xx.nodb.SensitiveWordTest
14:23:54.567 [Test worker] DEBUG org.springframework.boot.test.context.SpringBootTestContextBootstrapper - @TestExecutionListeners is not present for class [com.xx.nodb.SensitiveWordTest]: using defaults.
14:23:54.567 [Test worker] INFO org.springframework.boot.test.context.SpringBootTestContextBootstrapper - Loaded default TestExecutionListener class names from location [META-INF/spring.factories]: [org.springframework.boot.test.autoconfigure.restdocs.RestDocsTestExecutionListener, org.springframework.boot.test.autoconfigure.web.client.MockRestServiceServerResetTestExecutionListener, org.springframework.boot.test.autoconfigure.web.servlet.MockMvcPrintOnlyOnFailureTestExecutionListener, org.springframework.boot.test.autoconfigure.web.servlet.WebDriverTestExecutionListener, org.springframework.boot.test.autoconfigure.webservices.client.MockWebServiceServerTestExecutionListener, org.springframework.boot.test.mock.mockito.MockitoTestExecutionListener, org.springframework.boot.test.mock.mockito.ResetMocksTestExecutionListener, org.springframework.test.context.web.ServletTestExecutionListener, org.springframework.test.context.support.DirtiesContextBeforeModesTestExecutionListener, org.springframework.test.context.event.ApplicationEventsTestExecutionListener, org.springframework.test.context.support.DependencyInjectionTestExecutionListener, org.springframework.test.context.support.DirtiesContextTestExecutionListener, org.springframework.test.context.transaction.TransactionalTestExecutionListener, org.springframework.test.context.jdbc.SqlScriptsTestExecutionListener, org.springframework.test.context.event.EventPublishingTestExecutionListener]
14:23:54.578 [Test worker] DEBUG org.springframework.boot.test.context.SpringBootTestContextBootstrapper - Skipping candidate TestExecutionListener [org.springframework.test.context.transaction.TransactionalTestExecutionListener] due to a missing dependency. Specify custom listener classes or make the default listener classes and their required dependencies available. Offending class: [org/springframework/transaction/interceptor/TransactionAttributeSource]
14:23:54.579 [Test worker] DEBUG org.springframework.boot.test.context.SpringBootTestContextBootstrapper - Skipping candidate TestExecutionListener [org.springframework.test.context.jdbc.SqlScriptsTestExecutionListener] due to a missing dependency. Specify custom listener classes or make the default listener classes and their required dependencies available. Offending class: [org/springframework/transaction/interceptor/TransactionAttribute]
14:23:54.579 [Test worker] INFO org.springframework.boot.test.context.SpringBootTestContextBootstrapper - Using TestExecutionListeners: [org.springframework.test.context.web.ServletTestExecutionListener@1968a49c, org.springframework.test.context.support.DirtiesContextBeforeModesTestExecutionListener@6a1ebcff, org.springframework.test.context.event.ApplicationEventsTestExecutionListener@19868320, org.springframework.boot.test.mock.mockito.MockitoTestExecutionListener@50b0bc4c, org.springframework.boot.test.autoconfigure.SpringBootDependencyInjectionTestExecutionListener@c20be82, org.springframework.test.context.support.DirtiesContextTestExecutionListener@13c612bd, org.springframework.test.context.event.EventPublishingTestExecutionListener@3ef41c66, org.springframework.boot.test.autoconfigure.restdocs.RestDocsTestExecutionListener@6b739528, org.springframework.boot.test.autoconfigure.web.client.MockRestServiceServerResetTestExecutionListener@622ef26a, org.springframework.boot.test.autoconfigure.web.servlet.MockMvcPrintOnlyOnFailureTestExecutionListener@41de5768, org.springframework.boot.test.autoconfigure.web.servlet.WebDriverTestExecutionListener@5f577419, org.springframework.boot.test.autoconfigure.webservices.client.MockWebServiceServerTestExecutionListener@28fa700e, org.springframework.boot.test.mock.mockito.ResetMocksTestExecutionListener@3d526ad9]
14:23:54.583 [Test worker] DEBUG org.springframework.test.context.support.AbstractDirtiesContextTestExecutionListener - Before test class: context [DefaultTestContext@467f77a5 testClass = SensitiveWordTest, testInstance = [null], testMethod = [null], testException = [null], mergedContextConfiguration = [WebMergedContextConfiguration@1bb9aa43 testClass = SensitiveWordTest, locations = '{}', classes = '{class com.xx.nodb.XxWebNodbApplication}', contextInitializerClasses = '[]', activeProfiles = '{}', propertySourceLocations = '{}', propertySourceProperties = '{org.springframework.boot.test.context.SpringBootTestContextBootstrapper=true}', contextCustomizers = set[org.springframework.boot.test.autoconfigure.actuate.metrics.MetricsExportContextCustomizerFactory$DisableMetricExportContextCustomizer@52d645b1, org.springframework.boot.test.autoconfigure.properties.PropertyMappingContextCustomizer@0, org.springframework.boot.test.autoconfigure.web.servlet.WebDriverContextCustomizerFactory$Customizer@56aaaecd, org.springframework.boot.test.context.filter.ExcludeFilterContextCustomizer@5ee2b6f9, org.springframework.boot.test.json.DuplicateJsonObjectContextCustomizerFactory$DuplicateJsonObjectContextCustomizer@3fb6cf60, org.springframework.boot.test.mock.mockito.MockitoContextCustomizer@0, org.springframework.boot.test.web.client.TestRestTemplateContextCustomizer@781f10f2, org.springframework.boot.test.context.SpringBootTestArgs@1, org.springframework.boot.test.context.SpringBootTestWebEnvironment@16150369], resourceBasePath = 'src/main/webapp', contextLoader = 'org.springframework.boot.test.context.SpringBootContextLoader', parent = [null]], attributes = map['org.springframework.test.context.web.ServletTestExecutionListener.activateListener' -> true]], class annotated with @DirtiesContext [false] with mode [null].

  .   ____          _            __ _ _
 /\\ / ___'_ __ _ _(_)_ __  __ _ \ \ \ \
( ( )\___ | '_ | '_| | '_ \/ _` | \ \ \ \
 \\/  ___)| |_)| | | | | || (_| |  ) ) ) )
  '  |____| .__|_| |_|_| |_\__, | / / / /
 =========|_|==============|___/=/_/_/_/
 :: Spring Boot ::                (v2.7.2)

?[1;32mapp?[0;39m-?[31m2022-10-26 14:23:54?[0;39m ?[34mINFO ?[0;39m ?[31m[Test worker]?[0;39m ?[1;35mcom.xx.nodb.SensitiveWordTest?[0;39m ?[36mStarting SensitiveWordTest using Java 1.8.0_333 on admin with PID 6488 (started by 28963 in E:\personal\code\xx-xw\xw-service)
?[0;39m?[1;32mapp?[0;39m-?[31m2022-10-26 14:23:54?[0;39m ?[34mINFO ?[0;39m ?[31m[Test worker]?[0;39m ?[1;35mcom.xx.nodb.SensitiveWordTest?[0;39m ?[36mNo active profile set, falling back to 1 default profile: "default"
?[0;39mInit sensitive word map end! Cost time: 49ms
?[1;32mapp?[0;39m-?[31m2022-10-26 14:23:56?[0;39m ?[34mINFO ?[0;39m ?[31m[Test worker]?[0;39m ?[1;35mcom.xx.nodb.SensitiveWordTest?[0;39m ?[36mStarted SensitiveWordTest in 1.97 seconds (JVM running for 3.142)
?[0;39m?[1;32mapp?[0;39m-?[31m2022-10-26 14:23:56?[0;39m ?[34mINFO ?[0;39m ?[31m[Test worker]?[0;39m ?[1;35mcom.xx.nodb.SensitiveWordTest?[0;39m ?[36m所有敏感词：[吧, 啦吧]
?[0;39m]]></system-out>
  <system-err><![CDATA[]]></system-err>
</testsuite>
